# JRE version: Java(TM) SE Runtime Environment 18.9 (11.0.10+8) (build 11.0.10+8-LTS-162)
# Java VM: Java HotSpot(TM) 64-Bit Server VM 18.9 (11.0.10+8-LTS-162, mixed mode, tiered, compressed oops, g1 gc, windows-amd64)
Heap:
 garbage-first heap   total 157696K, used 45117K [0x0000000081800000, 0x0000000100000000)
  region size 1024K, 10 young (10240K), 7 survivors (7168K)
 Metaspace       used 74563K, capacity 76992K, committed 77136K, reserved 1116160K
  class space    used 9135K, capacity 9976K, committed 9984K, reserved 1048576K
GC Heap History (10 events):
Event: 11.215 GC heap before
{Heap before GC invocations=8 (full 0):
 garbage-first heap   total 157696K, used 94310K [0x0000000081800000, 0x0000000100000000)
  region size 1024K, 81 young (82944K), 9 survivors (9216K)
 Metaspace       used 45106K, capacity 46060K, committed 46160K, reserved 1089536K
  class space    used 4927K, capacity 5328K, committed 5376K, reserved 1048576K
}
Event: 11.235 GC heap after
{Heap after GC invocations=9 (full 0):
 garbage-first heap   total 157696K, used 22955K [0x0000000081800000, 0x0000000100000000)
  region size 1024K, 7 young (7168K), 7 survivors (7168K)
 Metaspace       used 45106K, capacity 46060K, committed 46160K, reserved 1089536K
  class space    used 4927K, capacity 5328K, committed 5376K, reserved 1048576K
}
Event: 19.574 GC heap before
{Heap before GC invocations=10 (full 0):
 garbage-first heap   total 157696K, used 118187K [0x0000000081800000, 0x0000000100000000)
  region size 1024K, 92 young (94208K), 7 survivors (7168K)
 Metaspace       used 46425K, capacity 47538K, committed 47696K, reserved 1091584K
  class space    used 5111K, capacity 5575K, committed 5632K, reserved 1048576K
}
Event: 19.586 GC heap after
{Heap after GC invocations=11 (full 0):
 garbage-first heap   total 157696K, used 30641K [0x0000000081800000, 0x0000000100000000)
  region size 1024K, 11 young (11264K), 11 survivors (11264K)
 Metaspace       used 46425K, capacity 47538K, committed 47696K, reserved 1091584K
  class space    used 5111K, capacity 5575K, committed 5632K, reserved 1048576K
}
Event: 24.819 GC heap before
{Heap before GC invocations=11 (full 0):
 garbage-first heap   total 157696K, used 113585K [0x0000000081800000, 0x0000000100000000)
  region size 1024K, 92 young (94208K), 11 survivors (11264K)
 Metaspace       used 57454K, capacity 59731K, committed 59856K, reserved 1101824K
  class space    used 6391K, capacity 7207K, committed 7296K, reserved 1048576K
}
Event: 24.837 GC heap after
{Heap after GC invocations=12 (full 0):
 garbage-first heap   total 157696K, used 35475K [0x0000000081800000, 0x0000000100000000)
  region size 1024K, 10 young (10240K), 10 survivors (10240K)
 Metaspace       used 57454K, capacity 59731K, committed 59856K, reserved 1101824K
  class space    used 6391K, capacity 7207K, committed 7296K, reserved 1048576K
}
Event: 26.276 GC heap before
{Heap before GC invocations=12 (full 0):
 garbage-first heap   total 157696K, used 119443K [0x0000000081800000, 0x0000000100000000)
  region size 1024K, 92 young (94208K), 10 survivors (10240K)
 Metaspace       used 67309K, capacity 69533K, committed 69712K, reserved 1110016K
  class space    used 8101K, capacity 8900K, committed 8960K, reserved 1048576K
}
Event: 26.295 GC heap after
{Heap after GC invocations=13 (full 0):
 garbage-first heap   total 157696K, used 40193K [0x0000000081800000, 0x0000000100000000)
  region size 1024K, 9 young (9216K), 9 survivors (9216K)
 Metaspace       used 67309K, capacity 69533K, committed 69712K, reserved 1110016K
  class space    used 8101K, capacity 8900K, committed 8960K, reserved 1048576K
}
Event: 27.357 GC heap before
{Heap before GC invocations=13 (full 0):
 garbage-first heap   total 157696K, used 91393K [0x0000000081800000, 0x0000000100000000)
  region size 1024K, 60 young (61440K), 9 survivors (9216K)
 Metaspace       used 74460K, capacity 76864K, committed 76880K, reserved 1116160K
  class space    used 9126K, capacity 9976K, committed 9984K, reserved 1048576K
}
Event: 27.376 GC heap after
{Heap after GC invocations=14 (full 0):
 garbage-first heap   total 157696K, used 43069K [0x0000000081800000, 0x0000000100000000)
  region size 1024K, 7 young (7168K), 7 survivors (7168K)
 Metaspace       used 74460K, capacity 76864K, committed 76880K, reserved 1116160K
  class space    used 9126K, capacity 9976K, committed 9984K, reserved 1048576K
}

