# JRE version: Java(TM) SE Runtime Environment 18.9 (11.0.10+8) (build 11.0.10+8-LTS-162)
# Java VM: Java HotSpot(TM) 64-Bit Server VM 18.9 (11.0.10+8-LTS-162, mixed mode, tiered, compressed oops, g1 gc, windows-amd64)
Heap:
 garbage-first heap   total 131072K, used 27531K [0x0000000081800000, 0x0000000100000000)
  region size 1024K, 17 young (17408K), 8 survivors (8192K)
 Metaspace       used 41226K, capacity 42009K, committed 42160K, reserved 1087488K
  class space    used 4483K, capacity 4801K, committed 4864K, reserved 1048576K
GC Heap History (10 events):
Event: 2.622 GC heap before
{Heap before GC invocations=2 (full 0):
 garbage-first heap   total 131072K, used 30286K [0x0000000081800000, 0x0000000100000000)
  region size 1024K, 27 young (27648K), 1 survivors (1024K)
 Metaspace       used 16030K, capacity 16230K, committed 16512K, reserved 1064960K
  class space    used 1699K, capacity 1809K, committed 1920K, reserved 1048576K
}
Event: 2.626 GC heap after
{Heap after GC invocations=3 (full 0):
 garbage-first heap   total 131072K, used 4659K [0x0000000081800000, 0x0000000100000000)
  region size 1024K, 2 young (2048K), 2 survivors (2048K)
 Metaspace       used 16030K, capacity 16230K, committed 16512K, reserved 1064960K
  class space    used 1699K, capacity 1809K, committed 1920K, reserved 1048576K
}
Event: 4.054 GC heap before
{Heap before GC invocations=3 (full 0):
 garbage-first heap   total 131072K, used 33331K [0x0000000081800000, 0x0000000100000000)
  region size 1024K, 31 young (31744K), 2 survivors (2048K)
 Metaspace       used 20844K, capacity 21176K, committed 21296K, reserved 1069056K
  class space    used 2238K, capacity 2380K, committed 2432K, reserved 1048576K
}
Event: 4.064 GC heap after
{Heap after GC invocations=4 (full 0):
 garbage-first heap   total 131072K, used 7128K [0x0000000081800000, 0x0000000100000000)
  region size 1024K, 4 young (4096K), 4 survivors (4096K)
 Metaspace       used 20844K, capacity 21176K, committed 21296K, reserved 1069056K
  class space    used 2238K, capacity 2380K, committed 2432K, reserved 1048576K
}
Event: 21.816 GC heap before
{Heap before GC invocations=5 (full 0):
 garbage-first heap   total 131072K, used 61400K [0x0000000081800000, 0x0000000100000000)
  region size 1024K, 57 young (58368K), 4 survivors (4096K)
 Metaspace       used 29103K, capacity 29516K, committed 29616K, reserved 1075200K
  class space    used 3165K, capacity 3299K, committed 3328K, reserved 1048576K
}
Event: 21.831 GC heap after
{Heap after GC invocations=6 (full 0):
 garbage-first heap   total 131072K, used 11363K [0x0000000081800000, 0x0000000100000000)
  region size 1024K, 8 young (8192K), 8 survivors (8192K)
 Metaspace       used 29103K, capacity 29516K, committed 29616K, reserved 1075200K
  class space    used 3165K, capacity 3299K, committed 3328K, reserved 1048576K
}
Event: 24.987 GC heap before
{Heap before GC invocations=6 (full 0):
 garbage-first heap   total 131072K, used 54371K [0x0000000081800000, 0x0000000100000000)
  region size 1024K, 51 young (52224K), 8 survivors (8192K)
 Metaspace       used 35156K, capacity 35767K, committed 35888K, reserved 1081344K
  class space    used 3873K, capacity 4108K, committed 4224K, reserved 1048576K
}
Event: 25.009 GC heap after
{Heap after GC invocations=7 (full 0):
 garbage-first heap   total 131072K, used 15054K [0x0000000081800000, 0x0000000100000000)
  region size 1024K, 8 young (8192K), 8 survivors (8192K)
 Metaspace       used 35156K, capacity 35767K, committed 35888K, reserved 1081344K
  class space    used 3873K, capacity 4108K, committed 4224K, reserved 1048576K
}
Event: 27.439 GC heap before
{Heap before GC invocations=8 (full 0):
 garbage-first heap   total 131072K, used 74446K [0x0000000081800000, 0x0000000100000000)
  region size 1024K, 66 young (67584K), 8 survivors (8192K)
 Metaspace       used 40310K, capacity 41064K, committed 41264K, reserved 1085440K
  class space    used 4390K, capacity 4698K, committed 4736K, reserved 1048576K
}
Event: 27.465 GC heap after
{Heap after GC invocations=9 (full 0):
 garbage-first heap   total 131072K, used 19339K [0x0000000081800000, 0x0000000100000000)
  region size 1024K, 8 young (8192K), 8 survivors (8192K)
 Metaspace       used 40310K, capacity 41064K, committed 41264K, reserved 1085440K
  class space    used 4390K, capacity 4698K, committed 4736K, reserved 1048576K
}

