# JRE version: Java(TM) SE Runtime Environment 18.9 (11.0.10+8) (build 11.0.10+8-LTS-162)
# Java VM: Java HotSpot(TM) 64-Bit Server VM 18.9 (11.0.10+8-LTS-162, mixed mode, tiered, compressed oops, g1 gc, windows-amd64)
Heap:
 garbage-first heap   total 157696K, used 12636K [0x0000000081800000, 0x0000000100000000)
  region size 1024K, 8 young (8192K), 8 survivors (8192K)
 Metaspace       used 31002K, capacity 31725K, committed 31792K, reserved 1077248K
  class space    used 3375K, capacity 3665K, committed 3712K, reserved 1048576K
GC Heap History (9 events):
Event: 0.652 GC heap before
{Heap before GC invocations=0 (full 0):
 garbage-first heap   total 131072K, used 14336K [0x0000000081800000, 0x0000000100000000)
  region size 1024K, 14 young (14336K), 0 survivors (0K)
 Metaspace       used 11082K, capacity 11273K, committed 11392K, reserved 1058816K
  class space    used 1060K, capacity 1120K, committed 1152K, reserved 1048576K
}
Event: 0.658 GC heap after
{Heap after GC invocations=1 (full 0):
 garbage-first heap   total 131072K, used 3007K [0x0000000081800000, 0x0000000100000000)
  region size 1024K, 2 young (2048K), 2 survivors (2048K)
 Metaspace       used 11082K, capacity 11273K, committed 11392K, reserved 1058816K
  class space    used 1060K, capacity 1120K, committed 1152K, reserved 1048576K
}
Event: 0.877 GC heap before
{Heap before GC invocations=1 (full 0):
 garbage-first heap   total 131072K, used 13247K [0x0000000081800000, 0x0000000100000000)
  region size 1024K, 12 young (12288K), 2 survivors (2048K)
 Metaspace       used 12568K, capacity 12725K, committed 12928K, reserved 1060864K
  class space    used 1269K, capacity 1348K, committed 1408K, reserved 1048576K
}
Event: 0.882 GC heap after
{Heap after GC invocations=2 (full 0):
 garbage-first heap   total 131072K, used 3766K [0x0000000081800000, 0x0000000100000000)
  region size 1024K, 1 young (1024K), 1 survivors (1024K)
 Metaspace       used 12568K, capacity 12725K, committed 12928K, reserved 1060864K
  class space    used 1269K, capacity 1348K, committed 1408K, reserved 1048576K
}
Event: 1.547 GC heap before
{Heap before GC invocations=2 (full 0):
 garbage-first heap   total 131072K, used 32438K [0x0000000081800000, 0x0000000100000000)
  region size 1024K, 29 young (29696K), 1 survivors (1024K)
 Metaspace       used 16692K, capacity 16914K, committed 17024K, reserved 1064960K
  class space    used 1796K, capacity 1907K, committed 1920K, reserved 1048576K
}
Event: 1.551 GC heap after
{Heap after GC invocations=3 (full 0):
 garbage-first heap   total 131072K, used 4916K [0x0000000081800000, 0x0000000100000000)
  region size 1024K, 2 young (2048K), 2 survivors (2048K)
 Metaspace       used 16692K, capacity 16914K, committed 17024K, reserved 1064960K
  class space    used 1796K, capacity 1907K, committed 1920K, reserved 1048576K
}
Event: 2.912 GC heap before
{Heap before GC invocations=3 (full 0):
 garbage-first heap   total 131072K, used 41780K [0x0000000081800000, 0x0000000100000000)
  region size 1024K, 39 young (39936K), 2 survivors (2048K)
 Metaspace       used 20878K, capacity 21126K, committed 21296K, reserved 1069056K
  class space    used 2215K, capacity 2315K, committed 2432K, reserved 1048576K
}
Event: 2.924 GC heap after
{Heap after GC invocations=4 (full 0):
 garbage-first heap   total 131072K, used 7838K [0x0000000081800000, 0x0000000100000000)
  region size 1024K, 5 young (5120K), 5 survivors (5120K)
 Metaspace       used 20878K, capacity 21126K, committed 21296K, reserved 1069056K
  class space    used 2215K, capacity 2315K, committed 2432K, reserved 1048576K
}
Event: 4.523 GC heap before
{Heap before GC invocations=5 (full 0):
 garbage-first heap   total 131072K, used 62110K [0x0000000081800000, 0x0000000100000000)
  region size 1024K, 58 young (59392K), 5 survivors (5120K)
 Metaspace       used 31002K, capacity 31725K, committed 31792K, reserved 1077248K
  class space    used 3375K, capacity 3665K, committed 3712K, reserved 1048576K
}

